<?xml version="1.0" encoding="UTF-8"?>
<!-- Generated by org.testng.reporters.JUnitReportReporter -->
<testsuite skipped="0" hostname="LAPTOP-T6G8BBFG" name="pageActn.A_Home" tests="1" failures="0" timestamp="04 Oct 2018 07:39:38 GMT" time="114.613" errors="0">
  <testcase name="Launch" time="114.613" classname="pageActn.A_Home"/>
</testsuite> <!-- pageActn.A_Home -->
